<?xml version="1.0" encoding="UTF-8"?>
<!-- Generated by org.testng.reporters.JUnitReportReporter -->
<testsuite hostname="Jhon14-PC" name="seleniumwebdriver.LaunchFirefox" tests="1" failures="0" timestamp="30 Dec 2015 05:29:11 GMT" time="5.552" errors="0">
  <testcase name="launchTest" time="5.552" classname="seleniumwebdriver.LaunchFirefox"/>
</testsuite> <!-- seleniumwebdriver.LaunchFirefox -->
